<?xml version="1.0" encoding="UTF-8"?>
<!-- Generated by org.testng.reporters.JUnitReportReporter -->
<testsuite hostname="Badawi" failures="0" tests="10" name="JobTitles" time="38.808" errors="0" timestamp="2025-09-07T02:36:48 EEST" skipped="0">
  <testcase classname="JobTitles" name="login" time="0.852"/>
  <testcase classname="JobTitles" name="SetUpDashboard" time="2.267"/>
  <testcase classname="JobTitles" name="AddNewTitleEmptyTitle" time="3.129"/>
  <testcase classname="JobTitles" name="AddNewTitle" time="3.510"/>
  <testcase classname="JobTitles" name="DeleteAllTitles" time="7.585"/>
  <testcase classname="JobTitles" name="AddDuplicatedTitle" time="9.862"/>
  <testcase classname="JobTitles" name="EditexistingJobTitle" time="4.125"/>
  <testcase classname="JobTitles" name="DeleteJobTitle" time="2.178"/>
  <testcase classname="JobTitles" name="AddNewTitleLong" time="2.671"/>
  <testcase classname="JobTitles" name="AddNewTitleSpecialCharacter" time="2.629"/>
</testsuite> <!-- JobTitles -->
