<?xml version="1.0" encoding="UTF-8"?>
<!-- Generated by org.testng.reporters.JUnitReportReporter -->
<testsuite hostname="Badawi" failures="0" tests="8" name="OrangeHRM.TS5_WorkShifts" time="0.000" errors="0" timestamp="2025-10-25T19:45:07 EET" skipped="8">
  <testcase classname="OrangeHRM.TS5_WorkShifts" name="SetUpDashboard" time="0.000">
    <skipped/>
  </testcase> <!-- SetUpDashboard -->
  <testcase classname="OrangeHRM.TS5_WorkShifts" name="AddWorkShift" time="0.000">
    <skipped/>
  </testcase> <!-- AddWorkShift -->
  <testcase classname="OrangeHRM.TS5_WorkShifts" name="AddWorkShiftEmptyName" time="0.000">
    <skipped/>
  </testcase> <!-- AddWorkShiftEmptyName -->
  <testcase classname="OrangeHRM.TS5_WorkShifts" name="ValidateFromLessThanTo" time="0.000">
    <skipped/>
  </testcase> <!-- ValidateFromLessThanTo -->
  <testcase classname="OrangeHRM.TS5_WorkShifts" name="AddOverLapWorkShift" time="0.000">
    <skipped/>
  </testcase> <!-- AddOverLapWorkShift -->
  <testcase classname="OrangeHRM.TS5_WorkShifts" name="AssignEmployeeToWorkShift" time="0.000">
    <skipped/>
  </testcase> <!-- AssignEmployeeToWorkShift -->
  <testcase classname="OrangeHRM.TS5_WorkShifts" name="RemoveEmployeeFromWorkShift" time="0.000">
    <skipped/>
  </testcase> <!-- RemoveEmployeeFromWorkShift -->
  <testcase classname="OrangeHRM.TS5_WorkShifts" name="DeleteWorkShift" time="0.000">
    <skipped/>
  </testcase> <!-- DeleteWorkShift -->
</testsuite> <!-- OrangeHRM.TS5_WorkShifts -->
