<?xml version="1.0" encoding="UTF-8"?>
<!-- Generated by org.testng.reporters.JUnitReportReporter -->
<testsuite hostname="Badawi" failures="0" tests="9" name="OrangeHRM.TS1_JobTitles" time="0.001" errors="0" timestamp="2025-10-25T19:45:07 EET" skipped="9">
  <testcase classname="OrangeHRM.TS1_JobTitles" name="SetUpDashboard" time="0.000">
    <skipped/>
  </testcase> <!-- SetUpDashboard -->
  <testcase classname="OrangeHRM.TS1_JobTitles" name="AddNewTitle" time="0.000">
    <skipped/>
  </testcase> <!-- AddNewTitle -->
  <testcase classname="OrangeHRM.TS1_JobTitles" name="AddNewTitleEmptyTitle" time="0.000">
    <skipped/>
  </testcase> <!-- AddNewTitleEmptyTitle -->
  <testcase classname="OrangeHRM.TS1_JobTitles" name="DeleteAllTitles" time="0.000">
    <skipped/>
  </testcase> <!-- DeleteAllTitles -->
  <testcase classname="OrangeHRM.TS1_JobTitles" name="AddDuplicatedTitle" time="0.000">
    <skipped/>
  </testcase> <!-- AddDuplicatedTitle -->
  <testcase classname="OrangeHRM.TS1_JobTitles" name="EditexistingJobTitle" time="0.000">
    <skipped/>
  </testcase> <!-- EditexistingJobTitle -->
  <testcase classname="OrangeHRM.TS1_JobTitles" name="DeleteJobTitle" time="0.000">
    <skipped/>
  </testcase> <!-- DeleteJobTitle -->
  <testcase classname="OrangeHRM.TS1_JobTitles" name="AddNewTitleLong" time="0.000">
    <skipped/>
  </testcase> <!-- AddNewTitleLong -->
  <testcase classname="OrangeHRM.TS1_JobTitles" name="AddNewTitleSpecialCharacter" time="0.001">
    <skipped/>
  </testcase> <!-- AddNewTitleSpecialCharacter -->
</testsuite> <!-- OrangeHRM.TS1_JobTitles -->
