<?xml version="1.0" encoding="UTF-8"?>
<!-- Generated by org.testng.reporters.JUnitReportReporter -->
<testsuite hostname="Badawi" failures="0" tests="8" name="JobCategories" time="53.846" errors="0" timestamp="2025-09-07T04:03:23 EEST" skipped="0">
  <testcase classname="JobCategories" name="login" time="1.178"/>
  <testcase classname="JobCategories" name="SetUpDashboard" time="2.364"/>
  <testcase classname="JobCategories" name="CreateNewCategory" time="5.298"/>
  <testcase classname="JobCategories" name="AddCategoryEmptyName" time="3.156"/>
  <testcase classname="JobCategories" name="PreventCategoryDuplication" time="18.058"/>
  <testcase classname="JobCategories" name="EditCategoryName" time="7.958"/>
  <testcase classname="JobCategories" name="DeleteCategory" time="7.900"/>
  <testcase classname="JobCategories" name="DeleteMultiCategory" time="7.934"/>
</testsuite> <!-- JobCategories -->
