<?xml version="1.0" encoding="UTF-8"?>
<!-- Generated by org.testng.reporters.JUnitReportReporter -->
<testsuite hostname="Badawi" failures="0" tests="9" name="TS2_PayGrades" time="56.225" errors="0" timestamp="2025-09-07T20:44:00 EEST" skipped="0">
  <testcase classname="TS2_PayGrades" name="login" time="2.148"/>
  <testcase classname="TS2_PayGrades" name="SetUpDashboard" time="1.691"/>
  <testcase classname="TS2_PayGrades" name="AddNewPayGrade" time="5.379"/>
  <testcase classname="TS2_PayGrades" name="AddNewPayGradeEmptyName" time="4.800"/>
  <testcase classname="TS2_PayGrades" name="AddNewCurrencyWithValidMinMaxValues" time="10.689"/>
  <testcase classname="TS2_PayGrades" name="ValidateMinMustBeLessThanMax" time="9.740"/>
  <testcase classname="TS2_PayGrades" name="EditPayGradeName" time="5.834"/>
  <testcase classname="TS2_PayGrades" name="DeleteCurrencyRow" time="11.542"/>
  <testcase classname="TS2_PayGrades" name="DeletePayGrade" time="4.402"/>
</testsuite> <!-- TS2_PayGrades -->
