<?xml version="1.0" encoding="UTF-8"?>
<!-- Generated by org.testng.reporters.JUnitReportReporter -->
<testsuite hostname="Badawi" failures="0" tests="9" name="TS5_WorkShifts" time="48.348" errors="0" timestamp="2025-09-07T20:44:00 EEST" skipped="0">
  <testcase classname="TS5_WorkShifts" name="login" time="1.197"/>
  <testcase classname="TS5_WorkShifts" name="SetUpDashboard" time="2.654"/>
  <testcase classname="TS5_WorkShifts" name="AddWorkShift" time="4.356"/>
  <testcase classname="TS5_WorkShifts" name="AddWorkShiftEmptyName" time="2.909"/>
  <testcase classname="TS5_WorkShifts" name="ValidateFromLessThanTo" time="4.500"/>
  <testcase classname="TS5_WorkShifts" name="AddOverLapWorkShift" time="11.279"/>
  <testcase classname="TS5_WorkShifts" name="AssignEmployeeToWorkShift" time="9.966"/>
  <testcase classname="TS5_WorkShifts" name="RemoveEmployeeFromWorkShift" time="8.789"/>
  <testcase classname="TS5_WorkShifts" name="DeleteWorkShift" time="2.698"/>
</testsuite> <!-- TS5_WorkShifts -->
