<?xml version="1.0" encoding="UTF-8"?>
<!-- Generated by org.testng.reporters.JUnitReportReporter -->
<testsuite hostname="Badawi" failures="0" tests="7" name="OrangeHRM.TS4_JobCategories" time="0.000" errors="0" timestamp="2025-10-25T19:45:07 EET" skipped="7">
  <testcase classname="OrangeHRM.TS4_JobCategories" name="SetUpDashboard" time="0.000">
    <skipped/>
  </testcase> <!-- SetUpDashboard -->
  <testcase classname="OrangeHRM.TS4_JobCategories" name="CreateNewCategory" time="0.000">
    <skipped/>
  </testcase> <!-- CreateNewCategory -->
  <testcase classname="OrangeHRM.TS4_JobCategories" name="AddCategoryEmptyName" time="0.000">
    <skipped/>
  </testcase> <!-- AddCategoryEmptyName -->
  <testcase classname="OrangeHRM.TS4_JobCategories" name="PreventCategoryDuplication" time="0.000">
    <skipped/>
  </testcase> <!-- PreventCategoryDuplication -->
  <testcase classname="OrangeHRM.TS4_JobCategories" name="EditCategoryName" time="0.000">
    <skipped/>
  </testcase> <!-- EditCategoryName -->
  <testcase classname="OrangeHRM.TS4_JobCategories" name="DeleteCategory" time="0.000">
    <skipped/>
  </testcase> <!-- DeleteCategory -->
  <testcase classname="OrangeHRM.TS4_JobCategories" name="DeleteMultiCategory" time="0.000">
    <skipped/>
  </testcase> <!-- DeleteMultiCategory -->
</testsuite> <!-- OrangeHRM.TS4_JobCategories -->
