<?xml version="1.0" encoding="UTF-8"?>
<!-- Generated by org.testng.reporters.JUnitReportReporter -->
<testsuite hostname="Badawi" failures="0" tests="8" name="TS4_JobCategories" time="48.691" errors="0" timestamp="2025-09-07T20:44:00 EEST" skipped="0">
  <testcase classname="TS4_JobCategories" name="login" time="1.199"/>
  <testcase classname="TS4_JobCategories" name="SetUpDashboard" time="2.469"/>
  <testcase classname="TS4_JobCategories" name="CreateNewCategory" time="4.367"/>
  <testcase classname="TS4_JobCategories" name="AddCategoryEmptyName" time="2.656"/>
  <testcase classname="TS4_JobCategories" name="PreventCategoryDuplication" time="16.375"/>
  <testcase classname="TS4_JobCategories" name="EditCategoryName" time="7.110"/>
  <testcase classname="TS4_JobCategories" name="DeleteCategory" time="7.276"/>
  <testcase classname="TS4_JobCategories" name="DeleteMultiCategory" time="7.239"/>
</testsuite> <!-- TS4_JobCategories -->
