<?xml version="1.0" encoding="UTF-8"?>
<!-- Generated by org.testng.reporters.JUnitReportReporter -->
<testsuite hostname="Badawi" failures="0" tests="9" name="PayGrades" time="50.515" errors="0" timestamp="2025-09-07T02:36:48 EEST" skipped="0">
  <testcase classname="PayGrades" name="login" time="0.855"/>
  <testcase classname="PayGrades" name="SetUpDashboard" time="2.234"/>
  <testcase classname="PayGrades" name="AddNewPayGrade" time="5.314"/>
  <testcase classname="PayGrades" name="AddNewPayGradeEmptyName" time="4.110"/>
  <testcase classname="PayGrades" name="AddNewCurrencyWithValidMinMaxValues" time="9.433"/>
  <testcase classname="PayGrades" name="ValidateMinMustBeLessThanMax" time="8.625"/>
  <testcase classname="PayGrades" name="EditPayGradeName" time="4.717"/>
  <testcase classname="PayGrades" name="DeleteCurrencyRow" time="10.842"/>
  <testcase classname="PayGrades" name="DeletePayGrade" time="4.385"/>
</testsuite> <!-- PayGrades -->
