<?xml version="1.0" encoding="UTF-8"?>
<!-- Generated by org.testng.reporters.JUnitReportReporter -->
<testsuite hostname="Badawi" failures="0" tests="9" name="WorkShifts" time="42.727" errors="0" timestamp="2025-09-07T20:15:13 EEST" skipped="0">
  <testcase classname="WorkShifts" name="login" time="0.866"/>
  <testcase classname="WorkShifts" name="SetUpDashboard" time="2.204"/>
  <testcase classname="WorkShifts" name="AddWorkShift" time="3.779"/>
  <testcase classname="WorkShifts" name="AddWorkShiftEmptyName" time="2.863"/>
  <testcase classname="WorkShifts" name="ValidateFromLessThanTo" time="3.283"/>
  <testcase classname="WorkShifts" name="AddOverLapWorkShift" time="10.087"/>
  <testcase classname="WorkShifts" name="AssignEmployeeToWorkShift" time="6.983"/>
  <testcase classname="WorkShifts" name="RemoveEmployeeFromWorkShift" time="9.244"/>
  <testcase classname="WorkShifts" name="DeleteWorkShift" time="3.418"/>
</testsuite> <!-- WorkShifts -->
