<?xml version="1.0" encoding="UTF-8"?>
<!-- Generated by org.testng.reporters.JUnitReportReporter -->
<testsuite hostname="Badawi" failures="0" tests="9" name="TestPackage.TS1_JobTitles" time="34.868" errors="0" timestamp="2025-09-08T23:10:39 EEST" skipped="0">
  <testcase classname="TestPackage.TS1_JobTitles" name="SetUpDashboard" time="0.638"/>
  <testcase classname="TestPackage.TS1_JobTitles" name="AddNewTitle" time="3.214"/>
  <testcase classname="TestPackage.TS1_JobTitles" name="AddNewTitleEmptyTitle" time="2.651"/>
  <testcase classname="TestPackage.TS1_JobTitles" name="DeleteAllTitles" time="8.251"/>
  <testcase classname="TestPackage.TS1_JobTitles" name="AddDuplicatedTitle" time="9.280"/>
  <testcase classname="TestPackage.TS1_JobTitles" name="EditexistingJobTitle" time="3.818"/>
  <testcase classname="TestPackage.TS1_JobTitles" name="DeleteJobTitle" time="2.064"/>
  <testcase classname="TestPackage.TS1_JobTitles" name="AddNewTitleLong" time="2.501"/>
  <testcase classname="TestPackage.TS1_JobTitles" name="AddNewTitleSpecialCharacter" time="2.451"/>
</testsuite> <!-- TestPackage.TS1_JobTitles -->
