<?xml version="1.0" encoding="UTF-8"?>
<!-- Generated by org.testng.reporters.JUnitReportReporter -->
<testsuite hostname="Badawi" failures="0" tests="7" name="OrangeHRM.TS3_EmploymentStatus" time="0.002" errors="0" timestamp="2025-10-25T19:45:07 EET" skipped="7">
  <testcase classname="OrangeHRM.TS3_EmploymentStatus" name="SetUpDashboard" time="0.001">
    <skipped/>
  </testcase> <!-- SetUpDashboard -->
  <testcase classname="OrangeHRM.TS3_EmploymentStatus" name="CreateEmploymentStatus" time="0.000">
    <skipped/>
  </testcase> <!-- CreateEmploymentStatus -->
  <testcase classname="OrangeHRM.TS3_EmploymentStatus" name="ValidateNameRequired" time="0.001">
    <skipped/>
  </testcase> <!-- ValidateNameRequired -->
  <testcase classname="OrangeHRM.TS3_EmploymentStatus" name="PreventDuplicatedEmpStatusNames" time="0.000">
    <skipped/>
  </testcase> <!-- PreventDuplicatedEmpStatusNames -->
  <testcase classname="OrangeHRM.TS3_EmploymentStatus" name="EditEmpStatus" time="0.000">
    <skipped/>
  </testcase> <!-- EditEmpStatus -->
  <testcase classname="OrangeHRM.TS3_EmploymentStatus" name="DeleteEmpStatus" time="0.000">
    <skipped/>
  </testcase> <!-- DeleteEmpStatus -->
  <testcase classname="OrangeHRM.TS3_EmploymentStatus" name="DeleteAllEmpStatus" time="0.000">
    <skipped/>
  </testcase> <!-- DeleteAllEmpStatus -->
</testsuite> <!-- OrangeHRM.TS3_EmploymentStatus -->
