<?xml version="1.0" encoding="UTF-8"?>
<!-- Generated by org.testng.reporters.JUnitReportReporter -->
<testsuite hostname="Badawi" failures="0" tests="8" name="OrangeHRM.TS2_PayGrades" time="0.000" errors="0" timestamp="2025-10-25T19:45:07 EET" skipped="8">
  <testcase classname="OrangeHRM.TS2_PayGrades" name="SetUpDashboard" time="0.000">
    <skipped/>
  </testcase> <!-- SetUpDashboard -->
  <testcase classname="OrangeHRM.TS2_PayGrades" name="AddNewPayGrade" time="0.000">
    <skipped/>
  </testcase> <!-- AddNewPayGrade -->
  <testcase classname="OrangeHRM.TS2_PayGrades" name="AddNewPayGradeEmptyName" time="0.000">
    <skipped/>
  </testcase> <!-- AddNewPayGradeEmptyName -->
  <testcase classname="OrangeHRM.TS2_PayGrades" name="AddNewCurrencyWithValidMinMaxValues" time="0.000">
    <skipped/>
  </testcase> <!-- AddNewCurrencyWithValidMinMaxValues -->
  <testcase classname="OrangeHRM.TS2_PayGrades" name="ValidateMinMustBeLessThanMax" time="0.000">
    <skipped/>
  </testcase> <!-- ValidateMinMustBeLessThanMax -->
  <testcase classname="OrangeHRM.TS2_PayGrades" name="EditPayGradeName" time="0.000">
    <skipped/>
  </testcase> <!-- EditPayGradeName -->
  <testcase classname="OrangeHRM.TS2_PayGrades" name="DeleteCurrencyRow" time="0.000">
    <skipped/>
  </testcase> <!-- DeleteCurrencyRow -->
  <testcase classname="OrangeHRM.TS2_PayGrades" name="DeletePayGrade" time="0.000">
    <skipped/>
  </testcase> <!-- DeletePayGrade -->
</testsuite> <!-- OrangeHRM.TS2_PayGrades -->
