<?xml version="1.0" encoding="UTF-8"?>
<!-- Generated by org.testng.reporters.JUnitReportReporter -->
<testsuite hostname="Badawi" failures="0" tests="8" name="EmploymentStatus" time="30.990" errors="0" timestamp="2025-09-07T03:17:37 EEST" skipped="0">
  <testcase classname="EmploymentStatus" name="login" time="0.880"/>
  <testcase classname="EmploymentStatus" name="SetUpDashboard" time="2.268"/>
  <testcase classname="EmploymentStatus" name="CreateEmploymentStatus" time="3.192"/>
  <testcase classname="EmploymentStatus" name="ValidateNameRequired" time="3.104"/>
  <testcase classname="EmploymentStatus" name="PreventDuplicatedEmpStatusNames" time="9.618"/>
  <testcase classname="EmploymentStatus" name="EditEmpStatus" time="3.834"/>
  <testcase classname="EmploymentStatus" name="DeleteEmpStatus" time="2.865"/>
  <testcase classname="EmploymentStatus" name="DeleteAllEmpStatus" time="5.229"/>
</testsuite> <!-- EmploymentStatus -->
