<?xml version="1.0" encoding="UTF-8"?>
<!-- Generated by org.testng.reporters.JUnitReportReporter -->
<testsuite hostname="Badawi" failures="0" tests="8" name="TS3_EmploymentStatus" time="34.693" errors="0" timestamp="2025-09-07T20:44:00 EEST" skipped="0">
  <testcase classname="TS3_EmploymentStatus" name="login" time="1.208"/>
  <testcase classname="TS3_EmploymentStatus" name="SetUpDashboard" time="2.671"/>
  <testcase classname="TS3_EmploymentStatus" name="CreateEmploymentStatus" time="3.772"/>
  <testcase classname="TS3_EmploymentStatus" name="ValidateNameRequired" time="3.055"/>
  <testcase classname="TS3_EmploymentStatus" name="PreventDuplicatedEmpStatusNames" time="10.504"/>
  <testcase classname="TS3_EmploymentStatus" name="EditEmpStatus" time="4.325"/>
  <testcase classname="TS3_EmploymentStatus" name="DeleteEmpStatus" time="2.787"/>
  <testcase classname="TS3_EmploymentStatus" name="DeleteAllEmpStatus" time="6.371"/>
</testsuite> <!-- TS3_EmploymentStatus -->
